# JRE version: Java(TM) SE Runtime Environment (8.0_241-b07) (build 1.8.0_241-b07)
# Java VM: Java HotSpot(TM) 64-Bit Server VM (25.241-b07 mixed mode windows-amd64 compressed oops)
Heap:
 PSYoungGen      total 327680K, used 283735K [0x000000076b600000, 0x0000000782900000, 0x00000007c0000000)
  eden space 307200K, 85% used [0x000000076b600000,0x000000077b791878,0x000000077e200000)
  from space 20480K, 97% used [0x0000000781500000,0x00000007828843b0,0x0000000782900000)
  to   space 22016K, 0% used [0x000000077fe00000,0x000000077fe00000,0x0000000781380000)
 ParOldGen       total 208896K, used 55519K [0x00000006c2200000, 0x00000006cee00000, 0x000000076b600000)
  object space 208896K, 26% used [0x00000006c2200000,0x00000006c5837e90,0x00000006cee00000)
 Metaspace       used 45914K, capacity 47910K, committed 48040K, reserved 1091584K
  class space    used 6105K, capacity 6500K, committed 6568K, reserved 1048576K
GC Heap History (10 events):
Event: 13.697 GC heap before
{Heap before GC invocations=10 (full 1):
 PSYoungGen      total 214016K, used 12923K [0x000000076b600000, 0x000000077c580000, 0x00000007c0000000)
  eden space 200704K, 0% used [0x000000076b600000,0x000000076b600000,0x0000000777a00000)
  from space 13312K, 97% used [0x000000077af00000,0x000000077bb9ed78,0x000000077bc00000)
  to   space 9728K, 0% used [0x000000077bc00000,0x000000077bc00000,0x000000077c580000)
 ParOldGen       total 173568K, used 22147K [0x00000006c2200000, 0x00000006ccb80000, 0x000000076b600000)
  object space 173568K, 12% used [0x00000006c2200000,0x00000006c37a0f70,0x00000006ccb80000)
 Metaspace       used 20849K, capacity 21160K, committed 21296K, reserved 1069056K
  class space    used 2556K, capacity 2678K, committed 2688K, reserved 1048576K
Event: 13.831 GC heap after
Heap after GC invocations=10 (full 1):
 PSYoungGen      total 214016K, used 0K [0x000000076b600000, 0x000000077c580000, 0x00000007c0000000)
  eden space 200704K, 0% used [0x000000076b600000,0x000000076b600000,0x0000000777a00000)
  from space 13312K, 0% used [0x000000077af00000,0x000000077af00000,0x000000077bc00000)
  to   space 9728K, 0% used [0x000000077bc00000,0x000000077bc00000,0x000000077c580000)
 ParOldGen       total 131072K, used 33637K [0x00000006c2200000, 0x00000006ca200000, 0x000000076b600000)
  object space 131072K, 25% used [0x00000006c2200000,0x00000006c42d95e0,0x00000006ca200000)
 Metaspace       used 20849K, capacity 21160K, committed 21296K, reserved 1069056K
  class space    used 2556K, capacity 2678K, committed 2688K, reserved 1048576K
}
Event: 15.088 GC heap before
{Heap before GC invocations=11 (full 1):
 PSYoungGen      total 214016K, used 200704K [0x000000076b600000, 0x000000077c580000, 0x00000007c0000000)
  eden space 200704K, 100% used [0x000000076b600000,0x0000000777a00000,0x0000000777a00000)
  from space 13312K, 0% used [0x000000077af00000,0x000000077af00000,0x000000077bc00000)
  to   space 9728K, 0% used [0x000000077bc00000,0x000000077bc00000,0x000000077c580000)
 ParOldGen       total 131072K, used 33637K [0x00000006c2200000, 0x00000006ca200000, 0x000000076b600000)
  object space 131072K, 25% used [0x00000006c2200000,0x00000006c42d95e0,0x00000006ca200000)
 Metaspace       used 28376K, capacity 28976K, committed 29312K, reserved 1075200K
  class space    used 3704K, capacity 3870K, committed 3968K, reserved 1048576K
Event: 15.100 GC heap after
Heap after GC invocations=11 (full 1):
 PSYoungGen      total 258560K, used 9724K [0x000000076b600000, 0x000000077e580000, 0x00000007c0000000)
  eden space 248832K, 0% used [0x000000076b600000,0x000000076b600000,0x000000077a900000)
  from space 9728K, 99% used [0x000000077bc00000,0x000000077c57f160,0x000000077c580000)
  to   space 19456K, 0% used [0x000000077a900000,0x000000077a900000,0x000000077bc00000)
 ParOldGen       total 131072K, used 38362K [0x00000006c2200000, 0x00000006ca200000, 0x000000076b600000)
  object space 131072K, 29% used [0x00000006c2200000,0x00000006c4776bd8,0x00000006ca200000)
 Metaspace       used 28376K, capacity 28976K, committed 29312K, reserved 1075200K
  class space    used 3704K, capacity 3870K, committed 3968K, reserved 1048576K
}
Event: 15.975 GC heap before
{Heap before GC invocations=12 (full 1):
 PSYoungGen      total 258560K, used 204632K [0x000000076b600000, 0x000000077e580000, 0x00000007c0000000)
  eden space 248832K, 78% used [0x000000076b600000,0x00000007774570a0,0x000000077a900000)
  from space 9728K, 99% used [0x000000077bc00000,0x000000077c57f160,0x000000077c580000)
  to   space 19456K, 0% used [0x000000077a900000,0x000000077a900000,0x000000077bc00000)
 ParOldGen       total 131072K, used 38362K [0x00000006c2200000, 0x00000006ca200000, 0x000000076b600000)
  object space 131072K, 29% used [0x00000006c2200000,0x00000006c4776bd8,0x00000006ca200000)
 Metaspace       used 34551K, capacity 35464K, committed 35496K, reserved 1079296K
  class space    used 4536K, capacity 4766K, committed 4776K, reserved 1048576K
Event: 15.990 GC heap after
Heap after GC invocations=12 (full 1):
 PSYoungGen      total 268288K, used 17313K [0x000000076b600000, 0x0000000782900000, 0x00000007c0000000)
  eden space 248832K, 0% used [0x000000076b600000,0x000000076b600000,0x000000077a900000)
  from space 19456K, 88% used [0x000000077a900000,0x000000077b9e8570,0x000000077bc00000)
  to   space 20480K, 0% used [0x0000000781500000,0x0000000781500000,0x0000000782900000)
 ParOldGen       total 131072K, used 44613K [0x00000006c2200000, 0x00000006ca200000, 0x000000076b600000)
  object space 131072K, 34% used [0x00000006c2200000,0x00000006c4d91720,0x00000006ca200000)
 Metaspace       used 34551K, capacity 35464K, committed 35496K, reserved 1079296K
  class space    used 4536K, capacity 4766K, committed 4776K, reserved 1048576K
}
Event: 15.990 GC heap before
{Heap before GC invocations=13 (full 2):
 PSYoungGen      total 268288K, used 17313K [0x000000076b600000, 0x0000000782900000, 0x00000007c0000000)
  eden space 248832K, 0% used [0x000000076b600000,0x000000076b600000,0x000000077a900000)
  from space 19456K, 88% used [0x000000077a900000,0x000000077b9e8570,0x000000077bc00000)
  to   space 20480K, 0% used [0x0000000781500000,0x0000000781500000,0x0000000782900000)
 ParOldGen       total 131072K, used 44613K [0x00000006c2200000, 0x00000006ca200000, 0x000000076b600000)
  object space 131072K, 34% used [0x00000006c2200000,0x00000006c4d91720,0x00000006ca200000)
 Metaspace       used 34551K, capacity 35464K, committed 35496K, reserved 1079296K
  class space    used 4536K, capacity 4766K, committed 4776K, reserved 1048576K
Event: 16.070 GC heap after
Heap after GC invocations=13 (full 2):
 PSYoungGen      total 268288K, used 0K [0x000000076b600000, 0x0000000782900000, 0x00000007c0000000)
  eden space 248832K, 0% used [0x000000076b600000,0x000000076b600000,0x000000077a900000)
  from space 19456K, 0% used [0x000000077a900000,0x000000077a900000,0x000000077bc00000)
  to   space 20480K, 0% used [0x0000000781500000,0x0000000781500000,0x0000000782900000)
 ParOldGen       total 208896K, used 55511K [0x00000006c2200000, 0x00000006cee00000, 0x000000076b600000)
  object space 208896K, 26% used [0x00000006c2200000,0x00000006c5835e90,0x00000006cee00000)
 Metaspace       used 34550K, capacity 35458K, committed 35496K, reserved 1079296K
  class space    used 4535K, capacity 4765K, committed 4776K, reserved 1048576K
}
Event: 17.457 GC heap before
{Heap before GC invocations=14 (full 2):
 PSYoungGen      total 268288K, used 248832K [0x000000076b600000, 0x0000000782900000, 0x00000007c0000000)
  eden space 248832K, 100% used [0x000000076b600000,0x000000077a900000,0x000000077a900000)
  from space 19456K, 0% used [0x000000077a900000,0x000000077a900000,0x000000077bc00000)
  to   space 20480K, 0% used [0x0000000781500000,0x0000000781500000,0x0000000782900000)
 ParOldGen       total 208896K, used 55511K [0x00000006c2200000, 0x00000006cee00000, 0x000000076b600000)
  object space 208896K, 26% used [0x00000006c2200000,0x00000006c5835e90,0x00000006cee00000)
 Metaspace       used 40479K, capacity 42018K, committed 42280K, reserved 1085440K
  class space    used 5360K, capacity 5649K, committed 5672K, reserved 1048576K
Event: 17.476 GC heap after
Heap after GC invocations=14 (full 2):
 PSYoungGen      total 327680K, used 19984K [0x000000076b600000, 0x0000000782900000, 0x00000007c0000000)
  eden space 307200K, 0% used [0x000000076b600000,0x000000076b600000,0x000000077e200000)
  from space 20480K, 97% used [0x0000000781500000,0x00000007828843b0,0x0000000782900000)
  to   space 22016K, 0% used [0x000000077fe00000,0x000000077fe00000,0x0000000781380000)
 ParOldGen       total 208896K, used 55519K [0x00000006c2200000, 0x00000006cee00000, 0x000000076b600000)
  object space 208896K, 26% used [0x00000006c2200000,0x00000006c5837e90,0x00000006cee00000)
 Metaspace       used 40479K, capacity 42018K, committed 42280K, reserved 1085440K
  class space    used 5360K, capacity 5649K, committed 5672K, reserved 1048576K
}

