# JRE version: Java(TM) SE Runtime Environment (8.0_241-b07) (build 1.8.0_241-b07)
# Java VM: Java HotSpot(TM) 64-Bit Server VM (25.241-b07 mixed mode windows-amd64 compressed oops)
Heap:
 PSYoungGen      total 248320K, used 230797K [0x000000076b600000, 0x000000077c880000, 0x00000007c0000000)
  eden space 230912K, 99% used [0x000000076b600000,0x000000077960b7a0,0x0000000779780000)
  from space 17408K, 7% used [0x000000077b780000,0x000000077b8d8000,0x000000077c880000)
  to   space 25088K, 0% used [0x0000000779780000,0x0000000779780000,0x000000077b000000)
 ParOldGen       total 214016K, used 63012K [0x00000006c2200000, 0x00000006cf300000, 0x000000076b600000)
  object space 214016K, 29% used [0x00000006c2200000,0x00000006c5f891d0,0x00000006cf300000)
 Metaspace       used 47757K, capacity 49668K, committed 49920K, reserved 1093632K
  class space    used 6282K, capacity 6633K, committed 6656K, reserved 1048576K
GC Heap History (10 events):
Event: 24772.005 GC heap before
{Heap before GC invocations=20 (full 2):
 PSYoungGen      total 270336K, used 269856K [0x000000076b600000, 0x000000077f500000, 0x00000007c0000000)
  eden space 268288K, 100% used [0x000000076b600000,0x000000077bc00000,0x000000077bc00000)
  from space 2048K, 76% used [0x000000077c480000,0x000000077c608000,0x000000077c680000)
  to   space 29184K, 0% used [0x000000077d880000,0x000000077d880000,0x000000077f500000)
 ParOldGen       total 214016K, used 62972K [0x00000006c2200000, 0x00000006cf300000, 0x000000076b600000)
  object space 214016K, 29% used [0x00000006c2200000,0x00000006c5f7f1d0,0x00000006cf300000)
 Metaspace       used 47717K, capacity 49668K, committed 49920K, reserved 1093632K
  class space    used 6282K, capacity 6633K, committed 6656K, reserved 1048576K
Event: 24772.013 GC heap after
Heap after GC invocations=20 (full 2):
 PSYoungGen      total 280064K, used 1504K [0x000000076b600000, 0x000000077ec00000, 0x00000007c0000000)
  eden space 260096K, 0% used [0x000000076b600000,0x000000076b600000,0x000000077b400000)
  from space 19968K, 7% used [0x000000077d880000,0x000000077d9f8000,0x000000077ec00000)
  to   space 28672K, 0% used [0x000000077b400000,0x000000077b400000,0x000000077d000000)
 ParOldGen       total 214016K, used 62980K [0x00000006c2200000, 0x00000006cf300000, 0x000000076b600000)
  object space 214016K, 29% used [0x00000006c2200000,0x00000006c5f811d0,0x00000006cf300000)
 Metaspace       used 47717K, capacity 49668K, committed 49920K, reserved 1093632K
  class space    used 6282K, capacity 6633K, committed 6656K, reserved 1048576K
}
Event: 28372.004 GC heap before
{Heap before GC invocations=21 (full 2):
 PSYoungGen      total 280064K, used 261600K [0x000000076b600000, 0x000000077ec00000, 0x00000007c0000000)
  eden space 260096K, 100% used [0x000000076b600000,0x000000077b400000,0x000000077b400000)
  from space 19968K, 7% used [0x000000077d880000,0x000000077d9f8000,0x000000077ec00000)
  to   space 28672K, 0% used [0x000000077b400000,0x000000077b400000,0x000000077d000000)
 ParOldGen       total 214016K, used 62980K [0x00000006c2200000, 0x00000006cf300000, 0x000000076b600000)
  object space 214016K, 29% used [0x00000006c2200000,0x00000006c5f811d0,0x00000006cf300000)
 Metaspace       used 47717K, capacity 49668K, committed 49920K, reserved 1093632K
  class space    used 6282K, capacity 6633K, committed 6656K, reserved 1048576K
Event: 28372.009 GC heap after
Heap after GC invocations=21 (full 2):
 PSYoungGen      total 253952K, used 1504K [0x000000076b600000, 0x000000077e380000, 0x00000007c0000000)
  eden space 252416K, 0% used [0x000000076b600000,0x000000076b600000,0x000000077ac80000)
  from space 1536K, 97% used [0x000000077b400000,0x000000077b578000,0x000000077b580000)
  to   space 28160K, 0% used [0x000000077c800000,0x000000077c800000,0x000000077e380000)
 ParOldGen       total 214016K, used 62988K [0x00000006c2200000, 0x00000006cf300000, 0x000000076b600000)
  object space 214016K, 29% used [0x00000006c2200000,0x00000006c5f831d0,0x00000006cf300000)
 Metaspace       used 47717K, capacity 49668K, committed 49920K, reserved 1093632K
  class space    used 6282K, capacity 6633K, committed 6656K, reserved 1048576K
}
Event: 31852.011 GC heap before
{Heap before GC invocations=22 (full 2):
 PSYoungGen      total 253952K, used 253920K [0x000000076b600000, 0x000000077e380000, 0x00000007c0000000)
  eden space 252416K, 100% used [0x000000076b600000,0x000000077ac80000,0x000000077ac80000)
  from space 1536K, 97% used [0x000000077b400000,0x000000077b578000,0x000000077b580000)
  to   space 28160K, 0% used [0x000000077c800000,0x000000077c800000,0x000000077e380000)
 ParOldGen       total 214016K, used 62988K [0x00000006c2200000, 0x00000006cf300000, 0x000000076b600000)
  object space 214016K, 29% used [0x00000006c2200000,0x00000006c5f831d0,0x00000006cf300000)
 Metaspace       used 47757K, capacity 49668K, committed 49920K, reserved 1093632K
  class space    used 6282K, capacity 6633K, committed 6656K, reserved 1048576K
Event: 31852.015 GC heap after
Heap after GC invocations=22 (full 2):
 PSYoungGen      total 263168K, used 1472K [0x000000076b600000, 0x000000077da00000, 0x00000007c0000000)
  eden space 244736K, 0% used [0x000000076b600000,0x000000076b600000,0x000000077a500000)
  from space 18432K, 7% used [0x000000077c800000,0x000000077c970000,0x000000077da00000)
  to   space 27136K, 0% used [0x000000077a500000,0x000000077a500000,0x000000077bf80000)
 ParOldGen       total 214016K, used 62996K [0x00000006c2200000, 0x00000006cf300000, 0x000000076b600000)
  object space 214016K, 29% used [0x00000006c2200000,0x00000006c5f851d0,0x00000006cf300000)
 Metaspace       used 47757K, capacity 49668K, committed 49920K, reserved 1093632K
  class space    used 6282K, capacity 6633K, committed 6656K, reserved 1048576K
}
Event: 35249.115 GC heap before
{Heap before GC invocations=23 (full 2):
 PSYoungGen      total 263168K, used 246208K [0x000000076b600000, 0x000000077da00000, 0x00000007c0000000)
  eden space 244736K, 100% used [0x000000076b600000,0x000000077a500000,0x000000077a500000)
  from space 18432K, 7% used [0x000000077c800000,0x000000077c970000,0x000000077da00000)
  to   space 27136K, 0% used [0x000000077a500000,0x000000077a500000,0x000000077bf80000)
 ParOldGen       total 214016K, used 62996K [0x00000006c2200000, 0x00000006cf300000, 0x000000076b600000)
  object space 214016K, 29% used [0x00000006c2200000,0x00000006c5f851d0,0x00000006cf300000)
 Metaspace       used 47757K, capacity 49668K, committed 49920K, reserved 1093632K
  class space    used 6282K, capacity 6633K, committed 6656K, reserved 1048576K
Event: 35249.129 GC heap after
Heap after GC invocations=23 (full 2):
 PSYoungGen      total 239104K, used 1408K [0x000000076b600000, 0x000000077d100000, 0x00000007c0000000)
  eden space 237568K, 0% used [0x000000076b600000,0x000000076b600000,0x0000000779e00000)
  from space 1536K, 91% used [0x000000077a500000,0x000000077a660000,0x000000077a680000)
  to   space 26112K, 0% used [0x000000077b780000,0x000000077b780000,0x000000077d100000)
 ParOldGen       total 214016K, used 63004K [0x00000006c2200000, 0x00000006cf300000, 0x000000076b600000)
  object space 214016K, 29% used [0x00000006c2200000,0x00000006c5f871d0,0x00000006cf300000)
 Metaspace       used 47757K, capacity 49668K, committed 49920K, reserved 1093632K
  class space    used 6282K, capacity 6633K, committed 6656K, reserved 1048576K
}
Event: 38554.668 GC heap before
{Heap before GC invocations=24 (full 2):
 PSYoungGen      total 239104K, used 238976K [0x000000076b600000, 0x000000077d100000, 0x00000007c0000000)
  eden space 237568K, 100% used [0x000000076b600000,0x0000000779e00000,0x0000000779e00000)
  from space 1536K, 91% used [0x000000077a500000,0x000000077a660000,0x000000077a680000)
  to   space 26112K, 0% used [0x000000077b780000,0x000000077b780000,0x000000077d100000)
 ParOldGen       total 214016K, used 63004K [0x00000006c2200000, 0x00000006cf300000, 0x000000076b600000)
  object space 214016K, 29% used [0x00000006c2200000,0x00000006c5f871d0,0x00000006cf300000)
 Metaspace       used 47757K, capacity 49668K, committed 49920K, reserved 1093632K
  class space    used 6282K, capacity 6633K, committed 6656K, reserved 1048576K
Event: 38554.701 GC heap after
Heap after GC invocations=24 (full 2):
 PSYoungGen      total 248320K, used 1376K [0x000000076b600000, 0x000000077c880000, 0x00000007c0000000)
  eden space 230912K, 0% used [0x000000076b600000,0x000000076b600000,0x0000000779780000)
  from space 17408K, 7% used [0x000000077b780000,0x000000077b8d8000,0x000000077c880000)
  to   space 25088K, 0% used [0x0000000779780000,0x0000000779780000,0x000000077b000000)
 ParOldGen       total 214016K, used 63012K [0x00000006c2200000, 0x00000006cf300000, 0x000000076b600000)
  object space 214016K, 29% used [0x00000006c2200000,0x00000006c5f891d0,0x00000006cf300000)
 Metaspace       used 47757K, capacity 49668K, committed 49920K, reserved 1093632K
  class space    used 6282K, capacity 6633K, committed 6656K, reserved 1048576K
}

